07-17 02:01:45 com_github_MitjaNemec_ReplicateLayout.action_replicate_layout 409:Plugin executed on: 'win32'
07-17 02:01:45 com_github_MitjaNemec_ReplicateLayout.action_replicate_layout 410:Plugin executed with python version: '3.11.5 (main, Jan 27 2025, 07:08:36) [MSC v.1942 64 bit (AMD64)]'
07-17 02:01:45 com_github_MitjaNemec_ReplicateLayout.action_replicate_layout 411:KiCad build version: 9.0.0
07-17 02:01:45 com_github_MitjaNemec_ReplicateLayout.action_replicate_layout 412:Plugin version: 4.0.3
07-17 02:01:45 com_github_MitjaNemec_ReplicateLayout.action_replicate_layout 413:Frame repr: <wx._core.Frame object at 0x00000198E6A2BA30>
07-17 02:01:45 com_github_MitjaNemec_ReplicateLayout.action_replicate_layout 437:Preparing replicator with U2 as a reference
07-17 02:01:45 com_github_MitjaNemec_ReplicateLayout.replicate_layout 117:getting a list of all footprints on board
07-17 02:01:45 com_github_MitjaNemec_ReplicateLayout.action_replicate_layout 485:source anchor footprint is 'U2'
Located on: ['/Thermo 1/']
With filenames: ['Thermo1.kicad_sch']
With sheet_id:['/Thermo 1/']
07-17 02:01:45 com_github_MitjaNemec_ReplicateLayout.action_replicate_layout 492:Corresponding footprints are 
[('U7', ['/Thermo 3/']), ('U3', ['/Thermo 2/']), ('U2', ['/Thermo 1/'])]
07-17 02:01:45 com_github_MitjaNemec_ReplicateLayout.action_replicate_layout 504:Showing dialog
07-17 02:01:45 com_github_MitjaNemec_ReplicateLayout.replicate_layout 472:constructing a list of sheets suitable for replication on level:'/Thermo 1/', file:'Thermo1.kicad_sch'
07-17 02:01:45 com_github_MitjaNemec_ReplicateLayout.replicate_layout 509:suitable sheets are:[['/Thermo 2/'], ['/Thermo 3/']]
07-17 02:01:46 com_github_MitjaNemec_ReplicateLayout.replicate_layout 1512:Level selected: ['/Thermo 1/']
07-17 02:01:46 com_github_MitjaNemec_ReplicateLayout.replicate_layout 1336:Filtering list of tracks
07-17 02:01:46 com_github_MitjaNemec_ReplicateLayout.action_replicate_layout 510:Toolbar position: wx.Point(1646, 142)
07-17 02:01:46 com_github_MitjaNemec_ReplicateLayout.action_replicate_layout 515:Dialog position: wx.Point(1207, 142)
07-17 02:01:49 com_github_MitjaNemec_ReplicateLayout.replicate_layout 472:constructing a list of sheets suitable for replication on level:'/Thermo 1/', file:'Thermo1.kicad_sch'
07-17 02:01:49 com_github_MitjaNemec_ReplicateLayout.replicate_layout 509:suitable sheets are:[['/Thermo 2/'], ['/Thermo 3/']]
07-17 02:01:49 com_github_MitjaNemec_ReplicateLayout.replicate_layout 1512:Level selected: ['/Thermo 1/']
07-17 02:01:49 com_github_MitjaNemec_ReplicateLayout.replicate_layout 1336:Filtering list of tracks
07-17 02:01:50 com_github_MitjaNemec_ReplicateLayout.replicate_layout 472:constructing a list of sheets suitable for replication on level:'/Thermo 1/', file:'Thermo1.kicad_sch'
07-17 02:01:50 com_github_MitjaNemec_ReplicateLayout.replicate_layout 509:suitable sheets are:[['/Thermo 2/'], ['/Thermo 3/']]
07-17 02:01:50 com_github_MitjaNemec_ReplicateLayout.replicate_layout 1512:Level selected: ['/Thermo 1/']
07-17 02:01:50 com_github_MitjaNemec_ReplicateLayout.replicate_layout 1336:Filtering list of tracks
07-17 02:01:51 com_github_MitjaNemec_ReplicateLayout.replicate_layout 472:constructing a list of sheets suitable for replication on level:'/Thermo 1/', file:'Thermo1.kicad_sch'
07-17 02:01:51 com_github_MitjaNemec_ReplicateLayout.replicate_layout 509:suitable sheets are:[['/Thermo 2/'], ['/Thermo 3/']]
07-17 02:01:51 com_github_MitjaNemec_ReplicateLayout.replicate_layout 1512:Level selected: ['/Thermo 1/']
07-17 02:01:51 com_github_MitjaNemec_ReplicateLayout.replicate_layout 1336:Filtering list of tracks
07-17 02:01:52 com_github_MitjaNemec_ReplicateLayout.replicate_layout 472:constructing a list of sheets suitable for replication on level:'/Thermo 1/', file:'Thermo1.kicad_sch'
07-17 02:01:52 com_github_MitjaNemec_ReplicateLayout.replicate_layout 509:suitable sheets are:[['/Thermo 2/'], ['/Thermo 3/']]
07-17 02:01:52 com_github_MitjaNemec_ReplicateLayout.replicate_layout 1512:Level selected: ['/Thermo 1/']
07-17 02:01:52 com_github_MitjaNemec_ReplicateLayout.replicate_layout 1336:Filtering list of tracks
07-17 02:01:52 com_github_MitjaNemec_ReplicateLayout.replicate_layout 472:constructing a list of sheets suitable for replication on level:'/Thermo 1/', file:'Thermo1.kicad_sch'
07-17 02:01:52 com_github_MitjaNemec_ReplicateLayout.replicate_layout 509:suitable sheets are:[['/Thermo 2/'], ['/Thermo 3/']]
07-17 02:01:53 com_github_MitjaNemec_ReplicateLayout.replicate_layout 1512:Level selected: ['/Thermo 1/']
07-17 02:01:53 com_github_MitjaNemec_ReplicateLayout.replicate_layout 1336:Filtering list of tracks
07-17 02:01:53 com_github_MitjaNemec_ReplicateLayout.replicate_layout 472:constructing a list of sheets suitable for replication on level:'/Thermo 1/', file:'Thermo1.kicad_sch'
07-17 02:01:53 com_github_MitjaNemec_ReplicateLayout.replicate_layout 509:suitable sheets are:[['/Thermo 2/'], ['/Thermo 3/']]
07-17 02:01:53 com_github_MitjaNemec_ReplicateLayout.action_replicate_layout 248:Replicating layout
07-17 02:01:54 com_github_MitjaNemec_ReplicateLayout.replicate_layout 288:Starting replication of sheets: [['/Thermo 2/'], ['/Thermo 3/']]
on level: ['/Thermo 1/']
with tracks=True, zone=True, text=True, text=True, intersecting=True, remove=False, locked footprints=True, group_only=False
07-17 02:01:54 root 340:updating GUI message: 'Preparing for replication'
07-17 02:01:54 root 345:updating GUI with: 0
07-17 02:01:54 com_github_MitjaNemec_ReplicateLayout.replicate_layout 358:Getting the list of source footprints
07-17 02:01:54 root 345:updating GUI with: 0
07-17 02:01:54 com_github_MitjaNemec_ReplicateLayout.replicate_layout 368:Getting the list of all the remaining footprints
07-17 02:01:54 com_github_MitjaNemec_ReplicateLayout.replicate_layout 375:Getting source tracks
07-17 02:01:54 com_github_MitjaNemec_ReplicateLayout.replicate_layout 1336:Filtering list of tracks
07-17 02:01:54 com_github_MitjaNemec_ReplicateLayout.replicate_layout 379:Getting source zones
07-17 02:01:54 com_github_MitjaNemec_ReplicateLayout.replicate_layout 383:Getting source text items
07-17 02:01:54 com_github_MitjaNemec_ReplicateLayout.replicate_layout 387:Getting source drawing items
07-17 02:01:54 root 340:updating GUI message: 'Replicating footprints'
07-17 02:01:54 root 345:updating GUI with: 0
07-17 02:01:54 com_github_MitjaNemec_ReplicateLayout.replicate_layout 863:Replicating footprints
07-17 02:01:54 com_github_MitjaNemec_ReplicateLayout.replicate_layout 870:Replicating footprints on sheet ['/Thermo 2/']
07-17 02:01:54 com_github_MitjaNemec_ReplicateLayout.replicate_layout 835:Src fp.id: 'CB3E1C99-1676-45D3-923A-7B40D434F53F'
07-17 02:01:54 com_github_MitjaNemec_ReplicateLayout.replicate_layout 839:Dst fp.id: 'CB3E1C99-1676-45D3-923A-7B40D434F53F'
07-17 02:01:54 com_github_MitjaNemec_ReplicateLayout.replicate_layout 888:Replicating footprint: 'C1'
07-17 02:01:54 com_github_MitjaNemec_ReplicateLayout.replicate_layout 835:Src fp.id: 'F54C8562-63E0-486E-AC4F-080A98855E68'
07-17 02:01:54 com_github_MitjaNemec_ReplicateLayout.replicate_layout 839:Dst fp.id: 'F54C8562-63E0-486E-AC4F-080A98855E68'
07-17 02:01:54 com_github_MitjaNemec_ReplicateLayout.replicate_layout 895:found match in dst footprint: 'C5'
07-17 02:01:54 com_github_MitjaNemec_ReplicateLayout.replicate_layout 990:Src text UUid:4c51037d-7b9d-47e8-81b2-17917dd352fb
07-17 02:01:54 com_github_MitjaNemec_ReplicateLayout.replicate_layout 991:Dst text UUid:a5245566-0d3a-4604-a077-51a2d7145288
07-17 02:01:54 com_github_MitjaNemec_ReplicateLayout.replicate_layout 990:Src text UUid:2c0b9c8b-e6d9-4243-bef1-5c7cbf443a08
07-17 02:01:54 com_github_MitjaNemec_ReplicateLayout.replicate_layout 991:Dst text UUid:73cb6899-a9ef-46af-aa3c-9e69c4408a8f
07-17 02:01:54 com_github_MitjaNemec_ReplicateLayout.replicate_layout 888:Replicating footprint: 'C2'
07-17 02:01:54 com_github_MitjaNemec_ReplicateLayout.replicate_layout 835:Src fp.id: 'D8B59683-C834-41DE-88F7-30D3563740D2'
07-17 02:01:54 com_github_MitjaNemec_ReplicateLayout.replicate_layout 839:Dst fp.id: 'D8B59683-C834-41DE-88F7-30D3563740D2'
07-17 02:01:54 com_github_MitjaNemec_ReplicateLayout.replicate_layout 895:found match in dst footprint: 'C6'
07-17 02:01:54 com_github_MitjaNemec_ReplicateLayout.replicate_layout 990:Src text UUid:81a5527f-3b8a-48d7-907a-68920176a94e
07-17 02:01:54 com_github_MitjaNemec_ReplicateLayout.replicate_layout 991:Dst text UUid:51288156-6673-4380-9ce5-a67352f58881
07-17 02:01:54 com_github_MitjaNemec_ReplicateLayout.replicate_layout 990:Src text UUid:9de0114c-31c1-4835-9489-b2a1c4135581
07-17 02:01:54 com_github_MitjaNemec_ReplicateLayout.replicate_layout 991:Dst text UUid:98fdc945-d5f7-4e31-84ba-06430d7d2efa
07-17 02:01:54 com_github_MitjaNemec_ReplicateLayout.replicate_layout 888:Replicating footprint: 'C3'
07-17 02:01:54 com_github_MitjaNemec_ReplicateLayout.replicate_layout 835:Src fp.id: 'A8AA1921-8A96-44EE-A40D-369B373620A7'
07-17 02:01:54 com_github_MitjaNemec_ReplicateLayout.replicate_layout 839:Dst fp.id: 'A8AA1921-8A96-44EE-A40D-369B373620A7'
07-17 02:01:54 com_github_MitjaNemec_ReplicateLayout.replicate_layout 895:found match in dst footprint: 'C7'
07-17 02:01:54 com_github_MitjaNemec_ReplicateLayout.replicate_layout 990:Src text UUid:ba7f87d3-8b65-4c9f-ade5-1c9027f9ab65
07-17 02:01:54 com_github_MitjaNemec_ReplicateLayout.replicate_layout 991:Dst text UUid:e06f1593-ab5f-4abc-9065-1c5b33f5c401
07-17 02:01:54 com_github_MitjaNemec_ReplicateLayout.replicate_layout 990:Src text UUid:dddb80ad-f985-4087-a1ed-8330221dd58c
07-17 02:01:54 com_github_MitjaNemec_ReplicateLayout.replicate_layout 991:Dst text UUid:80a36e18-590c-46c7-bdd5-b35ba7d25718
07-17 02:01:54 com_github_MitjaNemec_ReplicateLayout.replicate_layout 888:Replicating footprint: 'C4'
07-17 02:01:54 com_github_MitjaNemec_ReplicateLayout.replicate_layout 835:Src fp.id: '6CFDE644-7A39-41C4-A4CC-DC503984DABC'
07-17 02:01:54 com_github_MitjaNemec_ReplicateLayout.replicate_layout 839:Dst fp.id: '6CFDE644-7A39-41C4-A4CC-DC503984DABC'
07-17 02:01:54 com_github_MitjaNemec_ReplicateLayout.replicate_layout 895:found match in dst footprint: 'C8'
07-17 02:01:54 com_github_MitjaNemec_ReplicateLayout.replicate_layout 990:Src text UUid:ef266052-b29a-49a4-8c93-2455608e68a1
07-17 02:01:54 com_github_MitjaNemec_ReplicateLayout.replicate_layout 991:Dst text UUid:7bfd4a20-f1e2-4599-907f-0b5f9d191029
07-17 02:01:54 com_github_MitjaNemec_ReplicateLayout.replicate_layout 990:Src text UUid:b3191f27-2584-4022-92a4-124e31b1ff0d
07-17 02:01:54 com_github_MitjaNemec_ReplicateLayout.replicate_layout 991:Dst text UUid:fa5212c0-07fc-4c87-8ca6-086bde55a31a
07-17 02:01:54 com_github_MitjaNemec_ReplicateLayout.replicate_layout 888:Replicating footprint: 'C31'
07-17 02:01:54 com_github_MitjaNemec_ReplicateLayout.replicate_layout 835:Src fp.id: '9339990F-6E56-4923-A1E0-926DE25CF7A4'
07-17 02:01:54 com_github_MitjaNemec_ReplicateLayout.replicate_layout 839:Dst fp.id: '9339990F-6E56-4923-A1E0-926DE25CF7A4'
07-17 02:01:54 com_github_MitjaNemec_ReplicateLayout.replicate_layout 895:found match in dst footprint: 'C32'
07-17 02:01:54 com_github_MitjaNemec_ReplicateLayout.replicate_layout 990:Src text UUid:f875ebc9-5822-488e-a40c-8cac612f48a1
07-17 02:01:54 com_github_MitjaNemec_ReplicateLayout.replicate_layout 991:Dst text UUid:ae1cbd5f-5f50-4c4c-b4fa-f68399c9a84a
07-17 02:01:54 com_github_MitjaNemec_ReplicateLayout.replicate_layout 990:Src text UUid:f6439adc-dcec-4b26-ba25-3fd0f44d510f
07-17 02:01:54 com_github_MitjaNemec_ReplicateLayout.replicate_layout 991:Dst text UUid:44aea530-585d-42f1-8a1f-6854c92f3cbe
07-17 02:01:54 com_github_MitjaNemec_ReplicateLayout.replicate_layout 888:Replicating footprint: 'LED1'
07-17 02:01:54 com_github_MitjaNemec_ReplicateLayout.replicate_layout 835:Src fp.id: '0C08AD8A-FE78-4E5B-A79E-B47B1ABBD484'
07-17 02:01:54 com_github_MitjaNemec_ReplicateLayout.replicate_layout 839:Dst fp.id: '0C08AD8A-FE78-4E5B-A79E-B47B1ABBD484'
07-17 02:01:54 com_github_MitjaNemec_ReplicateLayout.replicate_layout 895:found match in dst footprint: 'LED2'
07-17 02:01:54 com_github_MitjaNemec_ReplicateLayout.replicate_layout 990:Src text UUid:40fb00a9-2099-4d30-83b9-39c78e259744
07-17 02:01:54 com_github_MitjaNemec_ReplicateLayout.replicate_layout 991:Dst text UUid:b1e2b63a-d580-4a2c-8a27-036246ac90d2
07-17 02:01:54 com_github_MitjaNemec_ReplicateLayout.replicate_layout 990:Src text UUid:c94a1445-a49c-4235-9176-0c3e1a4810bc
07-17 02:01:54 com_github_MitjaNemec_ReplicateLayout.replicate_layout 991:Dst text UUid:71715e65-2c42-48ad-9f45-5298f320d464
07-17 02:01:54 com_github_MitjaNemec_ReplicateLayout.replicate_layout 990:Src text UUid:93dc93d1-034d-4a1d-b486-8931b6c3f3cc
07-17 02:01:54 com_github_MitjaNemec_ReplicateLayout.replicate_layout 991:Dst text UUid:1c77aac5-a566-41b1-94ff-9a421ea97bf7
07-17 02:01:54 com_github_MitjaNemec_ReplicateLayout.replicate_layout 888:Replicating footprint: 'Q5'
07-17 02:01:54 com_github_MitjaNemec_ReplicateLayout.replicate_layout 835:Src fp.id: 'A1C528E6-39E1-4F19-8972-212C0D1CE14F'
07-17 02:01:54 com_github_MitjaNemec_ReplicateLayout.replicate_layout 839:Dst fp.id: 'A1C528E6-39E1-4F19-8972-212C0D1CE14F'
07-17 02:01:54 com_github_MitjaNemec_ReplicateLayout.replicate_layout 895:found match in dst footprint: 'Q6'
07-17 02:01:54 com_github_MitjaNemec_ReplicateLayout.replicate_layout 990:Src text UUid:35e88e1b-86a6-486d-b56b-541432113f84
07-17 02:01:54 com_github_MitjaNemec_ReplicateLayout.replicate_layout 991:Dst text UUid:fe452ae0-58d6-4473-9037-063e9489a6de
07-17 02:01:54 com_github_MitjaNemec_ReplicateLayout.replicate_layout 990:Src text UUid:65c35006-9b65-42a1-8e3e-a720a9e30d2c
07-17 02:01:54 com_github_MitjaNemec_ReplicateLayout.replicate_layout 991:Dst text UUid:c2553507-383b-4cb2-86a2-b40e21247480
07-17 02:01:54 com_github_MitjaNemec_ReplicateLayout.replicate_layout 888:Replicating footprint: 'R1'
07-17 02:01:54 com_github_MitjaNemec_ReplicateLayout.replicate_layout 835:Src fp.id: '5AD4AFF6-F9D5-405A-B889-C9F5D385603B'
07-17 02:01:54 com_github_MitjaNemec_ReplicateLayout.replicate_layout 839:Dst fp.id: '5AD4AFF6-F9D5-405A-B889-C9F5D385603B'
07-17 02:01:54 com_github_MitjaNemec_ReplicateLayout.replicate_layout 895:found match in dst footprint: 'R4'
07-17 02:01:54 com_github_MitjaNemec_ReplicateLayout.replicate_layout 990:Src text UUid:949a7ae1-8dde-498e-bead-6a25cfff4817
07-17 02:01:54 com_github_MitjaNemec_ReplicateLayout.replicate_layout 991:Dst text UUid:0508451b-ac8b-43fb-bcc2-6ac2ef971e30
07-17 02:01:54 com_github_MitjaNemec_ReplicateLayout.replicate_layout 990:Src text UUid:3e760daa-77d5-4987-b2f4-ac3f7e9dc6ed
07-17 02:01:54 com_github_MitjaNemec_ReplicateLayout.replicate_layout 991:Dst text UUid:e575882d-2a32-49b4-8fa0-7f99d6f9891b
07-17 02:01:54 com_github_MitjaNemec_ReplicateLayout.replicate_layout 888:Replicating footprint: 'R2'
07-17 02:01:54 com_github_MitjaNemec_ReplicateLayout.replicate_layout 835:Src fp.id: '837D4D93-A72E-4018-92A0-F2662866F363'
07-17 02:01:54 com_github_MitjaNemec_ReplicateLayout.replicate_layout 839:Dst fp.id: '837D4D93-A72E-4018-92A0-F2662866F363'
07-17 02:01:54 com_github_MitjaNemec_ReplicateLayout.replicate_layout 895:found match in dst footprint: 'R5'
07-17 02:01:54 com_github_MitjaNemec_ReplicateLayout.replicate_layout 990:Src text UUid:d18c8256-1574-4bf6-bdd8-6c8706018d8b
07-17 02:01:54 com_github_MitjaNemec_ReplicateLayout.replicate_layout 991:Dst text UUid:955f4788-c419-4a4a-867d-da6a50a3c0d5
07-17 02:01:54 com_github_MitjaNemec_ReplicateLayout.replicate_layout 990:Src text UUid:197c74ff-4dfa-4a3a-a501-cd991fa1a4b0
07-17 02:01:54 com_github_MitjaNemec_ReplicateLayout.replicate_layout 991:Dst text UUid:adac7dfa-0745-42c1-9ef7-44bfe6192bb2
07-17 02:01:54 com_github_MitjaNemec_ReplicateLayout.replicate_layout 888:Replicating footprint: 'R29'
07-17 02:01:54 com_github_MitjaNemec_ReplicateLayout.replicate_layout 835:Src fp.id: 'AFAFB1F7-5381-49B8-804F-794C5805A10F'
07-17 02:01:54 com_github_MitjaNemec_ReplicateLayout.replicate_layout 839:Dst fp.id: 'AFAFB1F7-5381-49B8-804F-794C5805A10F'
07-17 02:01:54 com_github_MitjaNemec_ReplicateLayout.replicate_layout 895:found match in dst footprint: 'R30'
07-17 02:01:54 com_github_MitjaNemec_ReplicateLayout.replicate_layout 990:Src text UUid:b7898210-12f5-42d2-8ec9-2d8ec15b1a10
07-17 02:01:54 com_github_MitjaNemec_ReplicateLayout.replicate_layout 991:Dst text UUid:d189bc53-b43e-4309-acb7-d9502029130a
07-17 02:01:54 com_github_MitjaNemec_ReplicateLayout.replicate_layout 990:Src text UUid:ba15d504-befe-4c6f-8192-0ffe2d51271f
07-17 02:01:54 com_github_MitjaNemec_ReplicateLayout.replicate_layout 991:Dst text UUid:a577d096-62a7-43a0-901e-9b6936b3a564
07-17 02:01:54 com_github_MitjaNemec_ReplicateLayout.replicate_layout 888:Replicating footprint: 'U2'
07-17 02:01:54 com_github_MitjaNemec_ReplicateLayout.replicate_layout 835:Src fp.id: 'CB3E1C99-1676-45D3-923A-7B40D434F53F'
07-17 02:01:54 com_github_MitjaNemec_ReplicateLayout.replicate_layout 839:Dst fp.id: 'CB3E1C99-1676-45D3-923A-7B40D434F53F'
07-17 02:01:54 com_github_MitjaNemec_ReplicateLayout.replicate_layout 895:found match in dst footprint: 'U3'
07-17 02:01:54 com_github_MitjaNemec_ReplicateLayout.replicate_layout 990:Src text UUid:c10a028c-6356-404e-b68a-9e24b71aaade
07-17 02:01:54 com_github_MitjaNemec_ReplicateLayout.replicate_layout 991:Dst text UUid:582977ae-c047-4400-9673-771cac0cb7e2
07-17 02:01:54 com_github_MitjaNemec_ReplicateLayout.replicate_layout 990:Src text UUid:12f212e9-0d4e-4318-8fee-f281ad24e708
07-17 02:01:54 com_github_MitjaNemec_ReplicateLayout.replicate_layout 991:Dst text UUid:3528265d-d65c-4c98-8900-7fa03fcaadf7
07-17 02:01:54 com_github_MitjaNemec_ReplicateLayout.replicate_layout 990:Src text UUid:f5df0f69-2611-4794-b2dc-038cb675242e
07-17 02:01:54 com_github_MitjaNemec_ReplicateLayout.replicate_layout 991:Dst text UUid:72afe5be-c33a-4a37-adc4-b74fdb2afbc3
07-17 02:01:54 com_github_MitjaNemec_ReplicateLayout.replicate_layout 990:Src text UUid:c729d09a-3a9d-4e80-bdd7-bd40b00b9e30
07-17 02:01:54 com_github_MitjaNemec_ReplicateLayout.replicate_layout 991:Dst text UUid:63310f8d-bda5-433e-9225-50908c9415f6
07-17 02:01:54 com_github_MitjaNemec_ReplicateLayout.replicate_layout 990:Src text UUid:b5b8ab4b-068b-4415-89f3-a1a7a77f9ef1
07-17 02:01:54 com_github_MitjaNemec_ReplicateLayout.replicate_layout 991:Dst text UUid:6977dc86-50b3-40b8-8d3e-c8f36959210e
07-17 02:01:54 com_github_MitjaNemec_ReplicateLayout.replicate_layout 990:Src text UUid:0e79ea92-2f0b-4bff-8341-915652270973
07-17 02:01:54 com_github_MitjaNemec_ReplicateLayout.replicate_layout 991:Dst text UUid:0ed4f1a1-cccc-462b-a650-e2e712e63097
07-17 02:01:54 com_github_MitjaNemec_ReplicateLayout.replicate_layout 990:Src text UUid:8aa66d94-5306-4118-ba01-affcd997effb
07-17 02:01:54 com_github_MitjaNemec_ReplicateLayout.replicate_layout 991:Dst text UUid:ce0c5a37-455d-4189-b348-6e7b10023bc1
07-17 02:01:54 com_github_MitjaNemec_ReplicateLayout.replicate_layout 870:Replicating footprints on sheet ['/Thermo 3/']
07-17 02:01:54 com_github_MitjaNemec_ReplicateLayout.replicate_layout 835:Src fp.id: 'CB3E1C99-1676-45D3-923A-7B40D434F53F'
07-17 02:01:54 com_github_MitjaNemec_ReplicateLayout.replicate_layout 839:Dst fp.id: 'CB3E1C99-1676-45D3-923A-7B40D434F53F'
07-17 02:01:54 com_github_MitjaNemec_ReplicateLayout.replicate_layout 888:Replicating footprint: 'C1'
07-17 02:01:54 com_github_MitjaNemec_ReplicateLayout.replicate_layout 835:Src fp.id: 'F54C8562-63E0-486E-AC4F-080A98855E68'
07-17 02:01:54 com_github_MitjaNemec_ReplicateLayout.replicate_layout 839:Dst fp.id: 'F54C8562-63E0-486E-AC4F-080A98855E68'
07-17 02:01:54 com_github_MitjaNemec_ReplicateLayout.replicate_layout 895:found match in dst footprint: 'C9'
07-17 02:01:54 com_github_MitjaNemec_ReplicateLayout.replicate_layout 990:Src text UUid:4c51037d-7b9d-47e8-81b2-17917dd352fb
07-17 02:01:54 com_github_MitjaNemec_ReplicateLayout.replicate_layout 991:Dst text UUid:6c985861-d560-4b76-96a4-77be3633cc04
07-17 02:01:54 com_github_MitjaNemec_ReplicateLayout.replicate_layout 990:Src text UUid:2c0b9c8b-e6d9-4243-bef1-5c7cbf443a08
07-17 02:01:54 com_github_MitjaNemec_ReplicateLayout.replicate_layout 991:Dst text UUid:5d48965f-2b63-4ede-b50a-961606854e4f
07-17 02:01:54 com_github_MitjaNemec_ReplicateLayout.replicate_layout 888:Replicating footprint: 'C2'
07-17 02:01:54 root 345:updating GUI with: 59
07-17 02:01:54 com_github_MitjaNemec_ReplicateLayout.replicate_layout 835:Src fp.id: 'D8B59683-C834-41DE-88F7-30D3563740D2'
07-17 02:01:54 com_github_MitjaNemec_ReplicateLayout.replicate_layout 839:Dst fp.id: 'D8B59683-C834-41DE-88F7-30D3563740D2'
07-17 02:01:54 com_github_MitjaNemec_ReplicateLayout.replicate_layout 895:found match in dst footprint: 'C11'
07-17 02:01:54 com_github_MitjaNemec_ReplicateLayout.replicate_layout 990:Src text UUid:81a5527f-3b8a-48d7-907a-68920176a94e
07-17 02:01:54 com_github_MitjaNemec_ReplicateLayout.replicate_layout 991:Dst text UUid:f26ad716-58df-4aac-8da6-6e4f6e168082
07-17 02:01:54 com_github_MitjaNemec_ReplicateLayout.replicate_layout 990:Src text UUid:9de0114c-31c1-4835-9489-b2a1c4135581
07-17 02:01:54 com_github_MitjaNemec_ReplicateLayout.replicate_layout 991:Dst text UUid:fef49c72-2f4b-42de-9df8-9450c6c4edef
07-17 02:01:54 com_github_MitjaNemec_ReplicateLayout.replicate_layout 888:Replicating footprint: 'C3'
07-17 02:01:54 com_github_MitjaNemec_ReplicateLayout.replicate_layout 835:Src fp.id: 'A8AA1921-8A96-44EE-A40D-369B373620A7'
07-17 02:01:54 com_github_MitjaNemec_ReplicateLayout.replicate_layout 839:Dst fp.id: 'A8AA1921-8A96-44EE-A40D-369B373620A7'
07-17 02:01:54 com_github_MitjaNemec_ReplicateLayout.replicate_layout 895:found match in dst footprint: 'C12'
07-17 02:01:54 com_github_MitjaNemec_ReplicateLayout.replicate_layout 990:Src text UUid:ba7f87d3-8b65-4c9f-ade5-1c9027f9ab65
07-17 02:01:54 com_github_MitjaNemec_ReplicateLayout.replicate_layout 991:Dst text UUid:78c9fc9e-e7ec-4c1f-8424-572ed1e32d32
07-17 02:01:54 com_github_MitjaNemec_ReplicateLayout.replicate_layout 990:Src text UUid:dddb80ad-f985-4087-a1ed-8330221dd58c
07-17 02:01:54 com_github_MitjaNemec_ReplicateLayout.replicate_layout 991:Dst text UUid:506f1963-6718-4a1d-8777-ed27d0f2d956
07-17 02:01:54 com_github_MitjaNemec_ReplicateLayout.replicate_layout 888:Replicating footprint: 'C4'
07-17 02:01:54 com_github_MitjaNemec_ReplicateLayout.replicate_layout 835:Src fp.id: '6CFDE644-7A39-41C4-A4CC-DC503984DABC'
07-17 02:01:54 com_github_MitjaNemec_ReplicateLayout.replicate_layout 839:Dst fp.id: '6CFDE644-7A39-41C4-A4CC-DC503984DABC'
07-17 02:01:54 com_github_MitjaNemec_ReplicateLayout.replicate_layout 895:found match in dst footprint: 'C13'
07-17 02:01:54 com_github_MitjaNemec_ReplicateLayout.replicate_layout 990:Src text UUid:ef266052-b29a-49a4-8c93-2455608e68a1
07-17 02:01:54 com_github_MitjaNemec_ReplicateLayout.replicate_layout 991:Dst text UUid:ed08a2bc-7f62-48c0-8318-90c0ddd90465
07-17 02:01:54 com_github_MitjaNemec_ReplicateLayout.replicate_layout 990:Src text UUid:b3191f27-2584-4022-92a4-124e31b1ff0d
07-17 02:01:54 com_github_MitjaNemec_ReplicateLayout.replicate_layout 991:Dst text UUid:9888556a-4e39-4a01-bf43-b63b657d2279
07-17 02:01:54 com_github_MitjaNemec_ReplicateLayout.replicate_layout 888:Replicating footprint: 'C31'
07-17 02:01:54 com_github_MitjaNemec_ReplicateLayout.replicate_layout 835:Src fp.id: '9339990F-6E56-4923-A1E0-926DE25CF7A4'
07-17 02:01:54 com_github_MitjaNemec_ReplicateLayout.replicate_layout 839:Dst fp.id: '9339990F-6E56-4923-A1E0-926DE25CF7A4'
07-17 02:01:54 com_github_MitjaNemec_ReplicateLayout.replicate_layout 895:found match in dst footprint: 'C34'
07-17 02:01:54 com_github_MitjaNemec_ReplicateLayout.replicate_layout 990:Src text UUid:f875ebc9-5822-488e-a40c-8cac612f48a1
07-17 02:01:54 com_github_MitjaNemec_ReplicateLayout.replicate_layout 991:Dst text UUid:3a2fe304-da7e-4ab1-9b0b-e4d448c09e35
07-17 02:01:54 com_github_MitjaNemec_ReplicateLayout.replicate_layout 990:Src text UUid:f6439adc-dcec-4b26-ba25-3fd0f44d510f
07-17 02:01:54 com_github_MitjaNemec_ReplicateLayout.replicate_layout 991:Dst text UUid:496553fc-52fa-4e63-afd5-f725cad52e6a
07-17 02:01:54 com_github_MitjaNemec_ReplicateLayout.replicate_layout 888:Replicating footprint: 'LED1'
07-17 02:01:54 com_github_MitjaNemec_ReplicateLayout.replicate_layout 835:Src fp.id: '0C08AD8A-FE78-4E5B-A79E-B47B1ABBD484'
07-17 02:01:54 com_github_MitjaNemec_ReplicateLayout.replicate_layout 839:Dst fp.id: '0C08AD8A-FE78-4E5B-A79E-B47B1ABBD484'
07-17 02:01:54 com_github_MitjaNemec_ReplicateLayout.replicate_layout 895:found match in dst footprint: 'LED3'
07-17 02:01:54 com_github_MitjaNemec_ReplicateLayout.replicate_layout 990:Src text UUid:40fb00a9-2099-4d30-83b9-39c78e259744
07-17 02:01:54 com_github_MitjaNemec_ReplicateLayout.replicate_layout 991:Dst text UUid:c082a219-1a87-4dd3-b36c-eb7e82e0eb57
07-17 02:01:54 com_github_MitjaNemec_ReplicateLayout.replicate_layout 990:Src text UUid:c94a1445-a49c-4235-9176-0c3e1a4810bc
07-17 02:01:54 com_github_MitjaNemec_ReplicateLayout.replicate_layout 991:Dst text UUid:5f1124dc-1e16-4bad-9162-f3ce1a4a1778
07-17 02:01:54 com_github_MitjaNemec_ReplicateLayout.replicate_layout 990:Src text UUid:93dc93d1-034d-4a1d-b486-8931b6c3f3cc
07-17 02:01:54 com_github_MitjaNemec_ReplicateLayout.replicate_layout 991:Dst text UUid:34c702e3-f5e2-450e-9c71-de5af67a9a5b
07-17 02:01:54 com_github_MitjaNemec_ReplicateLayout.replicate_layout 888:Replicating footprint: 'Q5'
07-17 02:01:54 com_github_MitjaNemec_ReplicateLayout.replicate_layout 835:Src fp.id: 'A1C528E6-39E1-4F19-8972-212C0D1CE14F'
07-17 02:01:54 com_github_MitjaNemec_ReplicateLayout.replicate_layout 839:Dst fp.id: 'A1C528E6-39E1-4F19-8972-212C0D1CE14F'
07-17 02:01:54 com_github_MitjaNemec_ReplicateLayout.replicate_layout 895:found match in dst footprint: 'Q7'
07-17 02:01:54 com_github_MitjaNemec_ReplicateLayout.replicate_layout 990:Src text UUid:35e88e1b-86a6-486d-b56b-541432113f84
07-17 02:01:54 com_github_MitjaNemec_ReplicateLayout.replicate_layout 991:Dst text UUid:39bb0ad5-576a-4f1a-981b-976a40307893
07-17 02:01:54 com_github_MitjaNemec_ReplicateLayout.replicate_layout 990:Src text UUid:65c35006-9b65-42a1-8e3e-a720a9e30d2c
07-17 02:01:54 com_github_MitjaNemec_ReplicateLayout.replicate_layout 991:Dst text UUid:8b334cf0-647e-464d-8a4c-8998a8153ade
07-17 02:01:54 com_github_MitjaNemec_ReplicateLayout.replicate_layout 888:Replicating footprint: 'R1'
07-17 02:01:54 com_github_MitjaNemec_ReplicateLayout.replicate_layout 835:Src fp.id: '5AD4AFF6-F9D5-405A-B889-C9F5D385603B'
07-17 02:01:54 com_github_MitjaNemec_ReplicateLayout.replicate_layout 839:Dst fp.id: '5AD4AFF6-F9D5-405A-B889-C9F5D385603B'
07-17 02:01:54 com_github_MitjaNemec_ReplicateLayout.replicate_layout 895:found match in dst footprint: 'R10'
07-17 02:01:54 com_github_MitjaNemec_ReplicateLayout.replicate_layout 990:Src text UUid:949a7ae1-8dde-498e-bead-6a25cfff4817
07-17 02:01:54 com_github_MitjaNemec_ReplicateLayout.replicate_layout 991:Dst text UUid:7cd46a61-4f0d-4ff3-ae5a-4464a1779b93
07-17 02:01:54 com_github_MitjaNemec_ReplicateLayout.replicate_layout 990:Src text UUid:3e760daa-77d5-4987-b2f4-ac3f7e9dc6ed
07-17 02:01:54 com_github_MitjaNemec_ReplicateLayout.replicate_layout 991:Dst text UUid:a7ebea78-f3f7-44bb-be3e-3af51d50c70c
07-17 02:01:54 com_github_MitjaNemec_ReplicateLayout.replicate_layout 888:Replicating footprint: 'R2'
07-17 02:01:54 com_github_MitjaNemec_ReplicateLayout.replicate_layout 835:Src fp.id: '837D4D93-A72E-4018-92A0-F2662866F363'
07-17 02:01:54 com_github_MitjaNemec_ReplicateLayout.replicate_layout 839:Dst fp.id: '837D4D93-A72E-4018-92A0-F2662866F363'
07-17 02:01:54 com_github_MitjaNemec_ReplicateLayout.replicate_layout 895:found match in dst footprint: 'R11'
07-17 02:01:54 com_github_MitjaNemec_ReplicateLayout.replicate_layout 990:Src text UUid:d18c8256-1574-4bf6-bdd8-6c8706018d8b
07-17 02:01:54 com_github_MitjaNemec_ReplicateLayout.replicate_layout 991:Dst text UUid:4b0b0366-e79e-4c34-a745-695e684076c2
07-17 02:01:54 com_github_MitjaNemec_ReplicateLayout.replicate_layout 990:Src text UUid:197c74ff-4dfa-4a3a-a501-cd991fa1a4b0
07-17 02:01:54 com_github_MitjaNemec_ReplicateLayout.replicate_layout 991:Dst text UUid:1a32c4fe-9d2b-4291-9750-e89b98f9ec66
07-17 02:01:54 com_github_MitjaNemec_ReplicateLayout.replicate_layout 888:Replicating footprint: 'R29'
07-17 02:01:54 com_github_MitjaNemec_ReplicateLayout.replicate_layout 835:Src fp.id: 'AFAFB1F7-5381-49B8-804F-794C5805A10F'
07-17 02:01:54 com_github_MitjaNemec_ReplicateLayout.replicate_layout 839:Dst fp.id: 'AFAFB1F7-5381-49B8-804F-794C5805A10F'
07-17 02:01:54 com_github_MitjaNemec_ReplicateLayout.replicate_layout 895:found match in dst footprint: 'R32'
07-17 02:01:54 com_github_MitjaNemec_ReplicateLayout.replicate_layout 990:Src text UUid:b7898210-12f5-42d2-8ec9-2d8ec15b1a10
07-17 02:01:54 com_github_MitjaNemec_ReplicateLayout.replicate_layout 991:Dst text UUid:d24bcd02-782b-4204-9628-b4a5d2a366b7
07-17 02:01:54 com_github_MitjaNemec_ReplicateLayout.replicate_layout 990:Src text UUid:ba15d504-befe-4c6f-8192-0ffe2d51271f
07-17 02:01:54 com_github_MitjaNemec_ReplicateLayout.replicate_layout 991:Dst text UUid:53c1541c-1765-45c5-bd3f-fb5761fc46c3
07-17 02:01:54 com_github_MitjaNemec_ReplicateLayout.replicate_layout 888:Replicating footprint: 'U2'
07-17 02:01:54 com_github_MitjaNemec_ReplicateLayout.replicate_layout 835:Src fp.id: 'CB3E1C99-1676-45D3-923A-7B40D434F53F'
07-17 02:01:54 com_github_MitjaNemec_ReplicateLayout.replicate_layout 839:Dst fp.id: 'CB3E1C99-1676-45D3-923A-7B40D434F53F'
07-17 02:01:54 com_github_MitjaNemec_ReplicateLayout.replicate_layout 895:found match in dst footprint: 'U7'
07-17 02:01:54 com_github_MitjaNemec_ReplicateLayout.replicate_layout 990:Src text UUid:c10a028c-6356-404e-b68a-9e24b71aaade
07-17 02:01:54 com_github_MitjaNemec_ReplicateLayout.replicate_layout 991:Dst text UUid:2e19ea5c-44bf-4284-84e0-c35d07e4da26
07-17 02:01:54 com_github_MitjaNemec_ReplicateLayout.replicate_layout 990:Src text UUid:12f212e9-0d4e-4318-8fee-f281ad24e708
07-17 02:01:54 com_github_MitjaNemec_ReplicateLayout.replicate_layout 991:Dst text UUid:592e6a37-e650-4851-a925-63e1a83fee0b
07-17 02:01:54 com_github_MitjaNemec_ReplicateLayout.replicate_layout 990:Src text UUid:f5df0f69-2611-4794-b2dc-038cb675242e
07-17 02:01:54 com_github_MitjaNemec_ReplicateLayout.replicate_layout 991:Dst text UUid:eeeb82ae-29be-4d8d-9079-533c06306e6d
07-17 02:01:54 com_github_MitjaNemec_ReplicateLayout.replicate_layout 990:Src text UUid:c729d09a-3a9d-4e80-bdd7-bd40b00b9e30
07-17 02:01:54 com_github_MitjaNemec_ReplicateLayout.replicate_layout 991:Dst text UUid:81ec6e49-9e49-4955-9826-5349c0f4d475
07-17 02:01:54 com_github_MitjaNemec_ReplicateLayout.replicate_layout 990:Src text UUid:b5b8ab4b-068b-4415-89f3-a1a7a77f9ef1
07-17 02:01:54 com_github_MitjaNemec_ReplicateLayout.replicate_layout 991:Dst text UUid:33c89d0d-17a7-445f-b89f-8d8e40e809f6
07-17 02:01:54 com_github_MitjaNemec_ReplicateLayout.replicate_layout 990:Src text UUid:0e79ea92-2f0b-4bff-8341-915652270973
07-17 02:01:54 com_github_MitjaNemec_ReplicateLayout.replicate_layout 991:Dst text UUid:b79711a4-34ac-4b6c-85c4-12dedb346f72
07-17 02:01:54 com_github_MitjaNemec_ReplicateLayout.replicate_layout 990:Src text UUid:8aa66d94-5306-4118-ba01-affcd997effb
07-17 02:01:54 com_github_MitjaNemec_ReplicateLayout.replicate_layout 991:Dst text UUid:48209313-b673-415d-befd-e95544d4ee88
07-17 02:01:54 root 340:updating GUI message: 'Replicating tracks'
07-17 02:01:54 com_github_MitjaNemec_ReplicateLayout.replicate_layout 1014:Replicating tracks
07-17 02:01:54 com_github_MitjaNemec_ReplicateLayout.replicate_layout 1020:Replicating tracks on sheet ['/Thermo 2/']
07-17 02:01:54 com_github_MitjaNemec_ReplicateLayout.replicate_layout 835:Src fp.id: 'CB3E1C99-1676-45D3-923A-7B40D434F53F'
07-17 02:01:54 com_github_MitjaNemec_ReplicateLayout.replicate_layout 839:Dst fp.id: 'CB3E1C99-1676-45D3-923A-7B40D434F53F'
07-17 02:01:54 com_github_MitjaNemec_ReplicateLayout.replicate_layout 792:Net pairs for sheet ['/Thermo 2/'] :[('/Thermo 1/THERMO1 DN', '/Thermo 2/THERMO1 DN'), ('/Thermo 1/SCK SPI', '/Thermo 2/SCK SPI'), ('/Thermo 1/~{CS} THERMO1 SPI', '/Thermo 2/~{CS} THERMO1 SPI'), ('GND', 'GND'), ('Net-(LED1-Pad1)', 'Net-(LED2-Pad1)'), ('/Thermo 1/MISO SPI', '/Thermo 2/MISO SPI'), ('/Thermo 1/1~{DRDY} THERMO', '/Thermo 2/1~{DRDY} THERMO'), ('Net-(U2-T-)', 'Net-(U3-T-)'), ('Net-(Q5-Pad2)', 'Net-(Q6-Pad2)'), ('+5V', '+5V'), ('/Thermo 1/THERMO1 DP', '/Thermo 2/THERMO1 DP'), ('/Thermo 1/1~{FAULT} THERMO', '/Thermo 2/1~{FAULT} THERMO'), ('Net-(U2-T+)', 'Net-(U3-T+)'), ('unconnected-(U2-DNC-Pad6)', 'unconnected-(U3-DNC-Pad6)'), ('/Thermo 1/MOSI SPI', '/Thermo 2/MOSI SPI'), ('GNDA', 'GNDA'), ('+3.3V', '+3.3V')]
07-17 02:01:54 root 345:updating GUI with: 2
07-17 02:01:54 com_github_MitjaNemec_ReplicateLayout.replicate_layout 1020:Replicating tracks on sheet ['/Thermo 3/']
07-17 02:01:54 com_github_MitjaNemec_ReplicateLayout.replicate_layout 835:Src fp.id: 'CB3E1C99-1676-45D3-923A-7B40D434F53F'
07-17 02:01:54 com_github_MitjaNemec_ReplicateLayout.replicate_layout 839:Dst fp.id: 'CB3E1C99-1676-45D3-923A-7B40D434F53F'
07-17 02:01:54 com_github_MitjaNemec_ReplicateLayout.replicate_layout 792:Net pairs for sheet ['/Thermo 3/'] :[('/Thermo 1/THERMO1 DN', '/Thermo 3/THERMO1 DN'), ('unconnected-(U2-DNC-Pad6)', 'unconnected-(U7-DNC-Pad6)'), ('/Thermo 1/~{CS} THERMO1 SPI', '/Thermo 3/~{CS} THERMO1 SPI'), ('GND', 'GND'), ('/Thermo 1/1~{FAULT} THERMO', '/Thermo 3/1~{FAULT} THERMO'), ('/Thermo 1/MOSI SPI', '/Thermo 3/MOSI SPI'), ('Net-(U2-T-)', 'Net-(U7-T-)'), ('Net-(Q5-Pad2)', 'Net-(Q7-Pad2)'), ('/Thermo 1/MISO SPI', '/Thermo 3/MISO SPI'), ('/Thermo 1/SCK SPI', '/Thermo 3/SCK SPI'), ('Net-(U2-T+)', 'Net-(U7-T+)'), ('Net-(LED1-Pad1)', 'Net-(LED3-Pad1)'), ('+5V', '+5V'), ('/Thermo 1/THERMO1 DP', '/Thermo 3/THERMO1 DP'), ('/Thermo 1/1~{DRDY} THERMO', '/Thermo 3/1~{DRDY} THERMO'), ('GNDA', 'GNDA'), ('+3.3V', '+3.3V')]
07-17 02:01:54 root 340:updating GUI message: 'Replicating zones'
07-17 02:01:54 com_github_MitjaNemec_ReplicateLayout.replicate_layout 1084:Replicating zones
07-17 02:01:54 com_github_MitjaNemec_ReplicateLayout.replicate_layout 1091:Replicating zones on sheet ['/Thermo 2/']
07-17 02:01:54 com_github_MitjaNemec_ReplicateLayout.replicate_layout 835:Src fp.id: 'CB3E1C99-1676-45D3-923A-7B40D434F53F'
07-17 02:01:54 com_github_MitjaNemec_ReplicateLayout.replicate_layout 839:Dst fp.id: 'CB3E1C99-1676-45D3-923A-7B40D434F53F'
07-17 02:01:54 com_github_MitjaNemec_ReplicateLayout.replicate_layout 792:Net pairs for sheet ['/Thermo 2/'] :[('/Thermo 1/THERMO1 DN', '/Thermo 2/THERMO1 DN'), ('/Thermo 1/SCK SPI', '/Thermo 2/SCK SPI'), ('/Thermo 1/~{CS} THERMO1 SPI', '/Thermo 2/~{CS} THERMO1 SPI'), ('GND', 'GND'), ('Net-(LED1-Pad1)', 'Net-(LED2-Pad1)'), ('/Thermo 1/MISO SPI', '/Thermo 2/MISO SPI'), ('/Thermo 1/1~{DRDY} THERMO', '/Thermo 2/1~{DRDY} THERMO'), ('Net-(U2-T-)', 'Net-(U3-T-)'), ('Net-(Q5-Pad2)', 'Net-(Q6-Pad2)'), ('+5V', '+5V'), ('/Thermo 1/THERMO1 DP', '/Thermo 2/THERMO1 DP'), ('/Thermo 1/1~{FAULT} THERMO', '/Thermo 2/1~{FAULT} THERMO'), ('Net-(U2-T+)', 'Net-(U3-T+)'), ('unconnected-(U2-DNC-Pad6)', 'unconnected-(U3-DNC-Pad6)'), ('/Thermo 1/MOSI SPI', '/Thermo 2/MOSI SPI'), ('GNDA', 'GNDA'), ('+3.3V', '+3.3V')]
07-17 02:01:54 root 345:updating GUI with: 1
07-17 02:01:54 com_github_MitjaNemec_ReplicateLayout.replicate_layout 1091:Replicating zones on sheet ['/Thermo 3/']
07-17 02:01:54 com_github_MitjaNemec_ReplicateLayout.replicate_layout 835:Src fp.id: 'CB3E1C99-1676-45D3-923A-7B40D434F53F'
07-17 02:01:54 com_github_MitjaNemec_ReplicateLayout.replicate_layout 839:Dst fp.id: 'CB3E1C99-1676-45D3-923A-7B40D434F53F'
07-17 02:01:54 com_github_MitjaNemec_ReplicateLayout.replicate_layout 792:Net pairs for sheet ['/Thermo 3/'] :[('/Thermo 1/THERMO1 DN', '/Thermo 3/THERMO1 DN'), ('unconnected-(U2-DNC-Pad6)', 'unconnected-(U7-DNC-Pad6)'), ('/Thermo 1/~{CS} THERMO1 SPI', '/Thermo 3/~{CS} THERMO1 SPI'), ('GND', 'GND'), ('/Thermo 1/1~{FAULT} THERMO', '/Thermo 3/1~{FAULT} THERMO'), ('/Thermo 1/MOSI SPI', '/Thermo 3/MOSI SPI'), ('Net-(U2-T-)', 'Net-(U7-T-)'), ('Net-(Q5-Pad2)', 'Net-(Q7-Pad2)'), ('/Thermo 1/MISO SPI', '/Thermo 3/MISO SPI'), ('/Thermo 1/SCK SPI', '/Thermo 3/SCK SPI'), ('Net-(U2-T+)', 'Net-(U7-T+)'), ('Net-(LED1-Pad1)', 'Net-(LED3-Pad1)'), ('+5V', '+5V'), ('/Thermo 1/THERMO1 DP', '/Thermo 3/THERMO1 DP'), ('/Thermo 1/1~{DRDY} THERMO', '/Thermo 3/1~{DRDY} THERMO'), ('GNDA', 'GNDA'), ('+3.3V', '+3.3V')]
07-17 02:01:54 root 340:updating GUI message: 'Replicating text'
07-17 02:01:54 com_github_MitjaNemec_ReplicateLayout.replicate_layout 1173:Replicating text
07-17 02:01:54 com_github_MitjaNemec_ReplicateLayout.replicate_layout 1180:Replicating text on sheet ['/Thermo 2/']
07-17 02:01:54 com_github_MitjaNemec_ReplicateLayout.replicate_layout 835:Src fp.id: 'CB3E1C99-1676-45D3-923A-7B40D434F53F'
07-17 02:01:54 com_github_MitjaNemec_ReplicateLayout.replicate_layout 839:Dst fp.id: 'CB3E1C99-1676-45D3-923A-7B40D434F53F'
07-17 02:01:54 com_github_MitjaNemec_ReplicateLayout.replicate_layout 1180:Replicating text on sheet ['/Thermo 3/']
07-17 02:01:54 com_github_MitjaNemec_ReplicateLayout.replicate_layout 835:Src fp.id: 'CB3E1C99-1676-45D3-923A-7B40D434F53F'
07-17 02:01:54 com_github_MitjaNemec_ReplicateLayout.replicate_layout 839:Dst fp.id: 'CB3E1C99-1676-45D3-923A-7B40D434F53F'
07-17 02:01:54 root 340:updating GUI message: 'Replicating drawings'
07-17 02:01:54 com_github_MitjaNemec_ReplicateLayout.replicate_layout 1224:Replicating drawings
07-17 02:01:54 com_github_MitjaNemec_ReplicateLayout.replicate_layout 1230:Replicating drawings on sheet ['/Thermo 2/']
07-17 02:01:54 com_github_MitjaNemec_ReplicateLayout.replicate_layout 835:Src fp.id: 'CB3E1C99-1676-45D3-923A-7B40D434F53F'
07-17 02:01:54 com_github_MitjaNemec_ReplicateLayout.replicate_layout 839:Dst fp.id: 'CB3E1C99-1676-45D3-923A-7B40D434F53F'
07-17 02:01:54 com_github_MitjaNemec_ReplicateLayout.replicate_layout 1230:Replicating drawings on sheet ['/Thermo 3/']
07-17 02:01:54 com_github_MitjaNemec_ReplicateLayout.replicate_layout 835:Src fp.id: 'CB3E1C99-1676-45D3-923A-7B40D434F53F'
07-17 02:01:54 com_github_MitjaNemec_ReplicateLayout.replicate_layout 839:Dst fp.id: 'CB3E1C99-1676-45D3-923A-7B40D434F53F'
07-17 02:01:54 com_github_MitjaNemec_ReplicateLayout.action_replicate_layout 264:Replication complete
